<?xml version="1.0" encoding="UTF-8"?>
<!-- Generated by org.testng.reporters.JUnitXMLReporter -->
<testsuite hostname="IBM-PF37F110" name="Default test" tests="9" failures="0" timestamp="24 May 2022 12:56:20 GMT" time="23.403" errors="0">
  <testcase name="deleteMethod" time="5.116" classname="FTP_REST_project.RestSwaggerProject.day1"/>
  <testcase name="deleteMethod2" time="2.502" classname="FTP_REST_project.RestSwaggerProject.day1"/>
  <testcase name="getMethod1" time="2.147" classname="FTP_REST_project.RestSwaggerProject.day1"/>
  <testcase name="getinuserMethod" time="0.001" classname="FTP_REST_project.RestSwaggerProject.day1"/>
  <testcase name="putWithJsontype" time="1.962" classname="FTP_REST_project.RestSwaggerProject.day1"/>
  <testcase name="postwithJsontype" time="2.743" classname="FTP_REST_project.RestSwaggerProject.day1"/>
  <testcase name="postmethodwithstring" time="3.149" classname="FTP_REST_project.RestSwaggerProject.day1"/>
  <testcase name="getMethod" time="3.417" classname="FTP_REST_project.RestSwaggerProject.day1"/>
  <testcase name="putMethodWithstring" time="2.336" classname="FTP_REST_project.RestSwaggerProject.day1"/>
</testsuite> <!-- Default test -->
