<?xml version="1.0" encoding="UTF-8"?>
<!-- Generated by org.testng.reporters.JUnitXMLReporter -->
<testsuite hostname="IBM-PF37F110" name="Default test" tests="9" failures="0" timestamp="25 May 2022 04:32:30 GMT" time="14.871" errors="0">
  <testcase name="deleteMethod" time="3.084" classname="FTP_REST_project.RestSwaggerProject.day1"/>
  <testcase name="deleteMethod2" time="1.458" classname="FTP_REST_project.RestSwaggerProject.day1"/>
  <testcase name="getMethod1" time="1.446" classname="FTP_REST_project.RestSwaggerProject.day1"/>
  <testcase name="getinuserMethod" time="0.0" classname="FTP_REST_project.RestSwaggerProject.day1"/>
  <testcase name="putWithJsontype" time="1.422" classname="FTP_REST_project.RestSwaggerProject.day1"/>
  <testcase name="postwithJsontype" time="1.42" classname="FTP_REST_project.RestSwaggerProject.day1"/>
  <testcase name="postmethodwithstring" time="1.794" classname="FTP_REST_project.RestSwaggerProject.day1"/>
  <testcase name="getMethod" time="2.272" classname="FTP_REST_project.RestSwaggerProject.day1"/>
  <testcase name="putMethodWithstring" time="1.96" classname="FTP_REST_project.RestSwaggerProject.day1"/>
</testsuite> <!-- Default test -->
