<?xml version="1.0" encoding="UTF-8"?>
<testng-results skipped="0" failed="0" total="9" passed="9">
  <reporter-output>
  </reporter-output>
  <suite name="Default suite" duration-ms="24804" started-at="2022-05-25T04:49:18Z" finished-at="2022-05-25T04:49:43Z">
    <groups>
    </groups>
    <test name="Default test" duration-ms="24804" started-at="2022-05-25T04:49:18Z" finished-at="2022-05-25T04:49:43Z">
      <class name="FTP_REST_project.RestSwaggerProject.day1">
        <test-method status="PASS" signature="deleteMethod()[pri:0, instance:FTP_REST_project.RestSwaggerProject.day1@6833ce2c]" name="deleteMethod" duration-ms="5346" started-at="2022-05-25T10:19:18Z" finished-at="2022-05-25T10:19:24Z">
          <reporter-output>
          </reporter-output>
        </test-method> <!-- deleteMethod -->
        <test-method status="PASS" signature="deleteMethod2()[pri:0, instance:FTP_REST_project.RestSwaggerProject.day1@6833ce2c]" name="deleteMethod2" duration-ms="1730" started-at="2022-05-25T10:19:24Z" finished-at="2022-05-25T10:19:25Z">
          <reporter-output>
          </reporter-output>
        </test-method> <!-- deleteMethod2 -->
        <test-method status="PASS" signature="getMethod1()[pri:0, instance:FTP_REST_project.RestSwaggerProject.day1@6833ce2c]" name="getMethod1" duration-ms="1747" started-at="2022-05-25T10:19:25Z" finished-at="2022-05-25T10:19:27Z">
          <reporter-output>
          </reporter-output>
        </test-method> <!-- getMethod1 -->
        <test-method status="PASS" signature="getinuserMethod()[pri:0, instance:FTP_REST_project.RestSwaggerProject.day1@6833ce2c]" name="getinuserMethod" duration-ms="1" started-at="2022-05-25T10:19:27Z" finished-at="2022-05-25T10:19:27Z">
          <reporter-output>
          </reporter-output>
        </test-method> <!-- getinuserMethod -->
        <test-method status="PASS" signature="putWithJsontype()[pri:0, instance:FTP_REST_project.RestSwaggerProject.day1@6833ce2c]" name="putWithJsontype" duration-ms="1756" started-at="2022-05-25T10:19:27Z" finished-at="2022-05-25T10:19:29Z">
          <reporter-output>
          </reporter-output>
        </test-method> <!-- putWithJsontype -->
        <test-method status="PASS" signature="postwithJsontype()[pri:0, instance:FTP_REST_project.RestSwaggerProject.day1@6833ce2c]" name="postwithJsontype" duration-ms="7944" started-at="2022-05-25T10:19:29Z" finished-at="2022-05-25T10:19:37Z">
          <reporter-output>
          </reporter-output>
        </test-method> <!-- postwithJsontype -->
        <test-method status="PASS" signature="postmethodwithstring()[pri:0, instance:FTP_REST_project.RestSwaggerProject.day1@6833ce2c]" name="postmethodwithstring" duration-ms="2594" started-at="2022-05-25T10:19:37Z" finished-at="2022-05-25T10:19:39Z">
          <reporter-output>
          </reporter-output>
        </test-method> <!-- postmethodwithstring -->
        <test-method status="PASS" signature="getMethod()[pri:0, instance:FTP_REST_project.RestSwaggerProject.day1@6833ce2c]" name="getMethod" duration-ms="1984" started-at="2022-05-25T10:19:39Z" finished-at="2022-05-25T10:19:41Z">
          <reporter-output>
          </reporter-output>
        </test-method> <!-- getMethod -->
        <test-method status="PASS" signature="putMethodWithstring()[pri:0, instance:FTP_REST_project.RestSwaggerProject.day1@6833ce2c]" name="putMethodWithstring" duration-ms="1678" started-at="2022-05-25T10:19:41Z" depends-on-methods="FTP_REST_project.RestSwaggerProject.day1.getMethod" finished-at="2022-05-25T10:19:43Z">
          <reporter-output>
          </reporter-output>
        </test-method> <!-- putMethodWithstring -->
      </class> <!-- FTP_REST_project.RestSwaggerProject.day1 -->
    </test> <!-- Default test -->
  </suite> <!-- Default suite -->
</testng-results>
